Flow report for EggTimer
Thu Oct 01 00:31:51 2015
Quartus II 64-Bit Version 13.0.1 Build 232 06/12/2013 Service Pack 1 SJ Web Edition


---------------------
; Table of Contents ;
---------------------
  1. Legal Notice
  2. Flow Summary
  3. Flow Settings
  4. Flow Non-Default Global Settings
  5. Flow Elapsed Time
  6. Flow OS Summary
  7. Flow Log
  8. Flow Messages
  9. Flow Suppressed Messages



----------------
; Legal Notice ;
----------------
Copyright (C) 1991-2013 Altera Corporation
Your use of Altera Corporation's design tools, logic functions 
and other software and tools, and its AMPP partner logic 
functions, and any output files from any of the foregoing 
(including device programming or simulation files), and any 
associated documentation or information are expressly subject 
to the terms and conditions of the Altera Program License 
Subscription Agreement, Altera MegaCore Function License 
Agreement, or other applicable license agreement, including, 
without limitation, that your use is for the sole purpose of 
programming logic devices manufactured by Altera and sold by 
Altera or its authorized distributors.  Please refer to the 
applicable agreement for further details.



+--------------------------------------------------------------------------------------+
; Flow Summary                                                                         ;
+------------------------------------+-------------------------------------------------+
; Flow Status                        ; Successful - Thu Oct 01 00:31:51 2015           ;
; Quartus II 64-Bit Version          ; 13.0.1 Build 232 06/12/2013 SP 1 SJ Web Edition ;
; Revision Name                      ; EggTimer                                        ;
; Top-level Entity Name              ; OnBoard                                         ;
; Family                             ; Cyclone II                                      ;
; Device                             ; EP2C20F484C7                                    ;
; Timing Models                      ; Final                                           ;
; Total logic elements               ; 72 / 18,752 ( < 1 % )                           ;
;     Total combinational functions  ; 72 / 18,752 ( < 1 % )                           ;
;     Dedicated logic registers      ; 17 / 18,752 ( < 1 % )                           ;
; Total registers                    ; 17                                              ;
; Total pins                         ; 57 / 315 ( 18 % )                               ;
; Total virtual pins                 ; 0                                               ;
; Total memory bits                  ; 0 / 239,616 ( 0 % )                             ;
; Embedded Multiplier 9-bit elements ; 0 / 52 ( 0 % )                                  ;
; Total PLLs                         ; 0 / 4 ( 0 % )                                   ;
+------------------------------------+-------------------------------------------------+


+-----------------------------------------+
; Flow Settings                           ;
+-------------------+---------------------+
; Option            ; Setting             ;
+-------------------+---------------------+
; Start date & time ; 10/01/2015 00:31:35 ;
; Main task         ; Compilation         ;
; Revision Name     ; EggTimer            ;
+-------------------+---------------------+


+----------------------------------------------------------------------------------------------------------------------------------+
; Flow Non-Default Global Settings                                                                                                 ;
+--------------------------------------+---------------------------------------+---------------+-------------+---------------------+
; Assignment Name                      ; Value                                 ; Default Value ; Entity Name ; Section Id          ;
+--------------------------------------+---------------------------------------+---------------+-------------+---------------------+
; COMPILER_SIGNATURE_ID                ; 14098532356309.144367389513512        ; --            ; --          ; --                  ;
; EDA_DESIGN_INSTANCE_NAME             ; NA                                    ; --            ; --          ; ControllerTester    ;
; EDA_DESIGN_INSTANCE_NAME             ; NA                                    ; --            ; --          ; OnBoardTester       ;
; EDA_DESIGN_INSTANCE_NAME             ; NA                                    ; --            ; --          ; nBit2InputMuxTester ;
; EDA_DESIGN_INSTANCE_NAME             ; NA                                    ; --            ; --          ; dec2_7segTester     ;
; EDA_DESIGN_INSTANCE_NAME             ; NA                                    ; --            ; --          ; nBitRegisterTester  ;
; EDA_NATIVELINK_SIMULATION_TEST_BENCH ; OnBoardTester                         ; --            ; --          ; eda_simulation      ;
; EDA_OUTPUT_DATA_FORMAT               ; Verilog Hdl                           ; --            ; --          ; eda_simulation      ;
; EDA_SIMULATION_TOOL                  ; ModelSim-Altera (Verilog)             ; <None>        ; --          ; --                  ;
; EDA_TEST_BENCH_ENABLE_STATUS         ; TEST_BENCH_MODE                       ; --            ; --          ; eda_simulation      ;
; EDA_TEST_BENCH_FILE                  ; ControllerTester.v                    ; --            ; --          ; ControllerTester    ;
; EDA_TEST_BENCH_FILE                  ; OnBoardTester.v                       ; --            ; --          ; OnBoardTester       ;
; EDA_TEST_BENCH_FILE                  ; nBit2InputMuxTester.v                 ; --            ; --          ; nBit2InputMuxTester ;
; EDA_TEST_BENCH_FILE                  ; dec2_7segTester.v                     ; --            ; --          ; dec2_7segTester     ;
; EDA_TEST_BENCH_FILE                  ; nBitRegisterTester.v                  ; --            ; --          ; nBitRegisterTester  ;
; EDA_TEST_BENCH_MODULE_NAME           ; ControllerTester                      ; --            ; --          ; ControllerTester    ;
; EDA_TEST_BENCH_MODULE_NAME           ; OnBoardTester                         ; --            ; --          ; OnBoardTester       ;
; EDA_TEST_BENCH_MODULE_NAME           ; nBit2InputMuxTester                   ; --            ; --          ; nBit2InputMuxTester ;
; EDA_TEST_BENCH_MODULE_NAME           ; dec2_7segTester                       ; --            ; --          ; dec2_7segTester     ;
; EDA_TEST_BENCH_MODULE_NAME           ; nBitRegisterTester                    ; --            ; --          ; nBitRegisterTester  ;
; EDA_TEST_BENCH_NAME                  ; ControllerTester                      ; --            ; --          ; eda_simulation      ;
; EDA_TEST_BENCH_NAME                  ; OnBoardTester                         ; --            ; --          ; eda_simulation      ;
; EDA_TEST_BENCH_NAME                  ; nBit2InputMuxTester                   ; --            ; --          ; eda_simulation      ;
; EDA_TEST_BENCH_NAME                  ; dec2_7segTester                       ; --            ; --          ; eda_simulation      ;
; EDA_TEST_BENCH_NAME                  ; nBitRegisterTester                    ; --            ; --          ; eda_simulation      ;
; EDA_TIME_SCALE                       ; 1 ps                                  ; --            ; --          ; eda_simulation      ;
; ENABLE_DRC_SETTINGS                  ; On                                    ; Off           ; --          ; --                  ;
; MAX_CORE_JUNCTION_TEMP               ; 85                                    ; --            ; --          ; --                  ;
; MIN_CORE_JUNCTION_TEMP               ; 0                                     ; --            ; --          ; --                  ;
; PARTITION_COLOR                      ; 16764057                              ; --            ; OnBoard     ; Top                 ;
; PARTITION_FITTER_PRESERVATION_LEVEL  ; PLACEMENT_AND_ROUTING                 ; --            ; OnBoard     ; Top                 ;
; PARTITION_NETLIST_TYPE               ; SOURCE                                ; --            ; OnBoard     ; Top                 ;
; POWER_BOARD_THERMAL_MODEL            ; None (CONSERVATIVE)                   ; --            ; --          ; --                  ;
; POWER_PRESET_COOLING_SOLUTION        ; 23 MM HEAT SINK WITH 200 LFPM AIRFLOW ; --            ; --          ; --                  ;
; PROJECT_OUTPUT_DIRECTORY             ; output_files                          ; --            ; --          ; --                  ;
; TOP_LEVEL_ENTITY                     ; OnBoard                               ; EggTimer      ; --          ; --                  ;
+--------------------------------------+---------------------------------------+---------------+-------------+---------------------+


+-------------------------------------------------------------------------------------------------------------------------------+
; Flow Elapsed Time                                                                                                             ;
+---------------------------+--------------+-------------------------+---------------------+------------------------------------+
; Module Name               ; Elapsed Time ; Average Processors Used ; Peak Virtual Memory ; Total CPU Time (on all processors) ;
+---------------------------+--------------+-------------------------+---------------------+------------------------------------+
; Analysis & Synthesis      ; 00:00:02     ; 1.0                     ; 475 MB              ; 00:00:01                           ;
; Fitter                    ; 00:00:05     ; 1.0                     ; 726 MB              ; 00:00:05                           ;
; Assembler                 ; 00:00:02     ; 1.0                     ; 445 MB              ; 00:00:02                           ;
; TimeQuest Timing Analyzer ; 00:00:01     ; 1.0                     ; 422 MB              ; 00:00:01                           ;
; Design Assistant          ; 00:00:00     ; 1.0                     ; 420 MB              ; 00:00:00                           ;
; EDA Netlist Writer        ; 00:00:01     ; 1.0                     ; 395 MB              ; 00:00:01                           ;
; Total                     ; 00:00:11     ; --                      ; --                  ; 00:00:10                           ;
+---------------------------+--------------+-------------------------+---------------------+------------------------------------+


+----------------------------------------------------------------------------------------+
; Flow OS Summary                                                                        ;
+---------------------------+------------------+-----------+------------+----------------+
; Module Name               ; Machine Hostname ; OS Name   ; OS Version ; Processor type ;
+---------------------------+------------------+-----------+------------+----------------+
; Analysis & Synthesis      ; 4n3ver           ; Windows 7 ; 6.2        ; x86_64         ;
; Fitter                    ; 4n3ver           ; Windows 7 ; 6.2        ; x86_64         ;
; Assembler                 ; 4n3ver           ; Windows 7 ; 6.2        ; x86_64         ;
; TimeQuest Timing Analyzer ; 4n3ver           ; Windows 7 ; 6.2        ; x86_64         ;
; Design Assistant          ; 4n3ver           ; Windows 7 ; 6.2        ; x86_64         ;
; EDA Netlist Writer        ; 4n3ver           ; Windows 7 ; 6.2        ; x86_64         ;
+---------------------------+------------------+-----------+------------+----------------+


------------
; Flow Log ;
------------
quartus_map --read_settings_files=on --write_settings_files=off EggTimer -c EggTimer
quartus_fit --read_settings_files=off --write_settings_files=off EggTimer -c EggTimer
quartus_asm --read_settings_files=off --write_settings_files=off EggTimer -c EggTimer
quartus_sta EggTimer -c EggTimer
quartus_drc --read_settings_files=off --write_settings_files=off EggTimer -c EggTimer
quartus_eda --read_settings_files=off --write_settings_files=off EggTimer -c EggTimer



