Analysis & Synthesis report for EggTimer
Fri Oct 02 02:54:10 2015
Quartus II 64-Bit Version 13.0.1 Build 232 06/12/2013 Service Pack 1 SJ Web Edition


---------------------
; Table of Contents ;
---------------------
  1. Legal Notice
  2. Analysis & Synthesis Summary
  3. Analysis & Synthesis Settings
  4. Parallel Compilation
  5. Analysis & Synthesis Source Files Read
  6. Analysis & Synthesis Resource Usage Summary
  7. Analysis & Synthesis Resource Utilization by Entity
  8. Registers Removed During Synthesis
  9. General Register Statistics
 10. Multiplexer Restructuring Statistics (Restructuring Performed)
 11. Parameter Settings for User Entity Instance: Top-level Entity: |OnBoard
 12. Parameter Settings for User Entity Instance: TimerController:fsm
 13. Parameter Settings for User Entity Instance: divideClock:dvd
 14. Parameter Settings for User Entity Instance: nBit2InputMux:mux3
 15. Parameter Settings for User Entity Instance: nBit2InputMux:mux2
 16. Parameter Settings for User Entity Instance: nBit2InputMux:mux1
 17. Parameter Settings for User Entity Instance: nBit2InputMux:mux0
 18. Parameter Settings for User Entity Instance: divideClock:ledrclock
 19. Parameter Settings for Inferred Entity Instance: divideClock:ledrclock|lpm_divide:Mod0
 20. Parameter Settings for Inferred Entity Instance: divideClock:dvd|lpm_divide:Mod0
 21. Elapsed Time Per Partition
 22. Analysis & Synthesis Messages
 23. Analysis & Synthesis Suppressed Messages



----------------
; Legal Notice ;
----------------
Copyright (C) 1991-2013 Altera Corporation
Your use of Altera Corporation's design tools, logic functions 
and other software and tools, and its AMPP partner logic 
functions, and any output files from any of the foregoing 
(including device programming or simulation files), and any 
associated documentation or information are expressly subject 
to the terms and conditions of the Altera Program License 
Subscription Agreement, Altera MegaCore Function License 
Agreement, or other applicable license agreement, including, 
without limitation, that your use is for the sole purpose of 
programming logic devices manufactured by Altera and sold by 
Altera or its authorized distributors.  Please refer to the 
applicable agreement for further details.



+--------------------------------------------------------------------------------------+
; Analysis & Synthesis Summary                                                         ;
+------------------------------------+-------------------------------------------------+
; Analysis & Synthesis Status        ; Successful - Fri Oct 02 02:54:10 2015           ;
; Quartus II 64-Bit Version          ; 13.0.1 Build 232 06/12/2013 SP 1 SJ Web Edition ;
; Revision Name                      ; EggTimer                                        ;
; Top-level Entity Name              ; OnBoard                                         ;
; Family                             ; Cyclone II                                      ;
; Total logic elements               ; 1,254                                           ;
;     Total combinational functions  ; 1,254                                           ;
;     Dedicated logic registers      ; 70                                              ;
; Total registers                    ; 70                                              ;
; Total pins                         ; 50                                              ;
; Total virtual pins                 ; 0                                               ;
; Total memory bits                  ; 0                                               ;
; Embedded Multiplier 9-bit elements ; 0                                               ;
; Total PLLs                         ; 0                                               ;
+------------------------------------+-------------------------------------------------+


+----------------------------------------------------------------------------------------------------------------------+
; Analysis & Synthesis Settings                                                                                        ;
+----------------------------------------------------------------------------+--------------------+--------------------+
; Option                                                                     ; Setting            ; Default Value      ;
+----------------------------------------------------------------------------+--------------------+--------------------+
; Device                                                                     ; EP2C20F484C7       ;                    ;
; Top-level entity name                                                      ; OnBoard            ; EggTimer           ;
; Family name                                                                ; Cyclone II         ; Cyclone IV GX      ;
; Use smart compilation                                                      ; Off                ; Off                ;
; Enable parallel Assembler and TimeQuest Timing Analyzer during compilation ; On                 ; On                 ;
; Enable compact report table                                                ; Off                ; Off                ;
; Restructure Multiplexers                                                   ; Auto               ; Auto               ;
; Create Debugging Nodes for IP Cores                                        ; Off                ; Off                ;
; Preserve fewer node names                                                  ; On                 ; On                 ;
; Disable OpenCore Plus hardware evaluation                                  ; Off                ; Off                ;
; Verilog Version                                                            ; Verilog_2001       ; Verilog_2001       ;
; VHDL Version                                                               ; VHDL_1993          ; VHDL_1993          ;
; State Machine Processing                                                   ; Auto               ; Auto               ;
; Safe State Machine                                                         ; Off                ; Off                ;
; Extract Verilog State Machines                                             ; On                 ; On                 ;
; Extract VHDL State Machines                                                ; On                 ; On                 ;
; Ignore Verilog initial constructs                                          ; Off                ; Off                ;
; Iteration limit for constant Verilog loops                                 ; 5000               ; 5000               ;
; Iteration limit for non-constant Verilog loops                             ; 250                ; 250                ;
; Add Pass-Through Logic to Inferred RAMs                                    ; On                 ; On                 ;
; Infer RAMs from Raw Logic                                                  ; On                 ; On                 ;
; Parallel Synthesis                                                         ; On                 ; On                 ;
; DSP Block Balancing                                                        ; Auto               ; Auto               ;
; NOT Gate Push-Back                                                         ; On                 ; On                 ;
; Power-Up Don't Care                                                        ; On                 ; On                 ;
; Remove Redundant Logic Cells                                               ; Off                ; Off                ;
; Remove Duplicate Registers                                                 ; On                 ; On                 ;
; Ignore CARRY Buffers                                                       ; Off                ; Off                ;
; Ignore CASCADE Buffers                                                     ; Off                ; Off                ;
; Ignore GLOBAL Buffers                                                      ; Off                ; Off                ;
; Ignore ROW GLOBAL Buffers                                                  ; Off                ; Off                ;
; Ignore LCELL Buffers                                                       ; Off                ; Off                ;
; Ignore SOFT Buffers                                                        ; On                 ; On                 ;
; Limit AHDL Integers to 32 Bits                                             ; Off                ; Off                ;
; Optimization Technique                                                     ; Balanced           ; Balanced           ;
; Carry Chain Length                                                         ; 70                 ; 70                 ;
; Auto Carry Chains                                                          ; On                 ; On                 ;
; Auto Open-Drain Pins                                                       ; On                 ; On                 ;
; Perform WYSIWYG Primitive Resynthesis                                      ; Off                ; Off                ;
; Auto ROM Replacement                                                       ; On                 ; On                 ;
; Auto RAM Replacement                                                       ; On                 ; On                 ;
; Auto Shift Register Replacement                                            ; Auto               ; Auto               ;
; Allow Shift Register Merging across Hierarchies                            ; Auto               ; Auto               ;
; Auto Clock Enable Replacement                                              ; On                 ; On                 ;
; Strict RAM Replacement                                                     ; Off                ; Off                ;
; Allow Synchronous Control Signals                                          ; On                 ; On                 ;
; Force Use of Synchronous Clear Signals                                     ; Off                ; Off                ;
; Auto RAM to Logic Cell Conversion                                          ; Off                ; Off                ;
; Auto Resource Sharing                                                      ; Off                ; Off                ;
; Allow Any RAM Size For Recognition                                         ; Off                ; Off                ;
; Allow Any ROM Size For Recognition                                         ; Off                ; Off                ;
; Allow Any Shift Register Size For Recognition                              ; Off                ; Off                ;
; Use LogicLock Constraints during Resource Balancing                        ; On                 ; On                 ;
; Ignore translate_off and synthesis_off directives                          ; Off                ; Off                ;
; Timing-Driven Synthesis                                                    ; Off                ; Off                ;
; Report Parameter Settings                                                  ; On                 ; On                 ;
; Report Source Assignments                                                  ; On                 ; On                 ;
; Report Connectivity Checks                                                 ; On                 ; On                 ;
; Ignore Maximum Fan-Out Assignments                                         ; Off                ; Off                ;
; Synchronization Register Chain Length                                      ; 2                  ; 2                  ;
; PowerPlay Power Optimization                                               ; Normal compilation ; Normal compilation ;
; HDL message level                                                          ; Level2             ; Level2             ;
; Suppress Register Optimization Related Messages                            ; Off                ; Off                ;
; Number of Removed Registers Reported in Synthesis Report                   ; 5000               ; 5000               ;
; Number of Swept Nodes Reported in Synthesis Report                         ; 5000               ; 5000               ;
; Number of Inverted Registers Reported in Synthesis Report                  ; 100                ; 100                ;
; Clock MUX Protection                                                       ; On                 ; On                 ;
; Auto Gated Clock Conversion                                                ; Off                ; Off                ;
; Block Design Naming                                                        ; Auto               ; Auto               ;
; SDC constraint protection                                                  ; Off                ; Off                ;
; Synthesis Effort                                                           ; Auto               ; Auto               ;
; Shift Register Replacement - Allow Asynchronous Clear Signal               ; On                 ; On                 ;
; Pre-Mapping Resynthesis Optimization                                       ; Off                ; Off                ;
; Analysis & Synthesis Message Level                                         ; Medium             ; Medium             ;
; Disable Register Merging Across Hierarchies                                ; Auto               ; Auto               ;
; Resource Aware Inference For Block RAM                                     ; On                 ; On                 ;
; Synthesis Seed                                                             ; 1                  ; 1                  ;
+----------------------------------------------------------------------------+--------------------+--------------------+


Parallel compilation was disabled, but you have multiple processors available. Enable parallel compilation to reduce compilation time.
+-------------------------------------+
; Parallel Compilation                ;
+----------------------------+--------+
; Processors                 ; Number ;
+----------------------------+--------+
; Number detected on machine ; 8      ;
; Maximum allowed            ; 1      ;
+----------------------------+--------+


+-------------------------------------------------------------------------------------------------------------------------------------------------------------------------------------------------------------+
; Analysis & Synthesis Source Files Read                                                                                                                                                                      ;
+----------------------------------+-----------------+------------------------------+---------------------------------------------------------------------------------------------------------------+---------+
; File Name with User-Entered Path ; Used in Netlist ; File Type                    ; File Name with Absolute Path                                                                                  ; Library ;
+----------------------------------+-----------------+------------------------------+---------------------------------------------------------------------------------------------------------------+---------+
; verilog_files/TimerController.v  ; yes             ; User Verilog HDL File        ; E:/Dropbox/Documents/University/CS 3220/Assignment/Real Project 1 - Egg Timer/verilog_files/TimerController.v ;         ;
; verilog_files/OnBoard.v          ; yes             ; User Verilog HDL File        ; E:/Dropbox/Documents/University/CS 3220/Assignment/Real Project 1 - Egg Timer/verilog_files/OnBoard.v         ;         ;
; verilog_files/nBit2InputMux.v    ; yes             ; User Verilog HDL File        ; E:/Dropbox/Documents/University/CS 3220/Assignment/Real Project 1 - Egg Timer/verilog_files/nBit2InputMux.v   ;         ;
; verilog_files/divideClock.v      ; yes             ; User Verilog HDL File        ; E:/Dropbox/Documents/University/CS 3220/Assignment/Real Project 1 - Egg Timer/verilog_files/divideClock.v     ;         ;
; verilog_files/dec2_7seg.v        ; yes             ; User Verilog HDL File        ; E:/Dropbox/Documents/University/CS 3220/Assignment/Real Project 1 - Egg Timer/verilog_files/dec2_7seg.v       ;         ;
; lpm_divide.tdf                   ; yes             ; Megafunction                 ; d:/altera/13.0sp1/quartus/libraries/megafunctions/lpm_divide.tdf                                              ;         ;
; abs_divider.inc                  ; yes             ; Megafunction                 ; d:/altera/13.0sp1/quartus/libraries/megafunctions/abs_divider.inc                                             ;         ;
; sign_div_unsign.inc              ; yes             ; Megafunction                 ; d:/altera/13.0sp1/quartus/libraries/megafunctions/sign_div_unsign.inc                                         ;         ;
; aglobal130.inc                   ; yes             ; Megafunction                 ; d:/altera/13.0sp1/quartus/libraries/megafunctions/aglobal130.inc                                              ;         ;
; db/lpm_divide_48m.tdf            ; yes             ; Auto-Generated Megafunction  ; E:/Dropbox/Documents/University/CS 3220/Assignment/Real Project 1 - Egg Timer/db/lpm_divide_48m.tdf           ;         ;
; db/sign_div_unsign_bnh.tdf       ; yes             ; Auto-Generated Megafunction  ; E:/Dropbox/Documents/University/CS 3220/Assignment/Real Project 1 - Egg Timer/db/sign_div_unsign_bnh.tdf      ;         ;
; db/alt_u_div_o5f.tdf             ; yes             ; Auto-Generated Megafunction  ; E:/Dropbox/Documents/University/CS 3220/Assignment/Real Project 1 - Egg Timer/db/alt_u_div_o5f.tdf            ;         ;
; db/add_sub_lkc.tdf               ; yes             ; Auto-Generated Megafunction  ; E:/Dropbox/Documents/University/CS 3220/Assignment/Real Project 1 - Egg Timer/db/add_sub_lkc.tdf              ;         ;
; db/add_sub_mkc.tdf               ; yes             ; Auto-Generated Megafunction  ; E:/Dropbox/Documents/University/CS 3220/Assignment/Real Project 1 - Egg Timer/db/add_sub_mkc.tdf              ;         ;
; db/lpm_divide_58m.tdf            ; yes             ; Auto-Generated Megafunction  ; E:/Dropbox/Documents/University/CS 3220/Assignment/Real Project 1 - Egg Timer/db/lpm_divide_58m.tdf           ;         ;
; db/sign_div_unsign_cnh.tdf       ; yes             ; Auto-Generated Megafunction  ; E:/Dropbox/Documents/University/CS 3220/Assignment/Real Project 1 - Egg Timer/db/sign_div_unsign_cnh.tdf      ;         ;
; db/alt_u_div_q5f.tdf             ; yes             ; Auto-Generated Megafunction  ; E:/Dropbox/Documents/University/CS 3220/Assignment/Real Project 1 - Egg Timer/db/alt_u_div_q5f.tdf            ;         ;
+----------------------------------+-----------------+------------------------------+---------------------------------------------------------------------------------------------------------------+---------+


+--------------------------------------------------------------------------------------------------------------------------------------------------------------------------------------------+
; Analysis & Synthesis Resource Usage Summary                                                                                                                                                ;
+---------------------------------------------+----------------------------------------------------------------------------------------------------------------------------------------------+
; Resource                                    ; Usage                                                                                                                                        ;
+---------------------------------------------+----------------------------------------------------------------------------------------------------------------------------------------------+
; Estimated Total logic elements              ; 1,254                                                                                                                                        ;
;                                             ;                                                                                                                                              ;
; Total combinational functions               ; 1254                                                                                                                                         ;
; Logic element usage by number of LUT inputs ;                                                                                                                                              ;
;     -- 4 input functions                    ; 372                                                                                                                                          ;
;     -- 3 input functions                    ; 307                                                                                                                                          ;
;     -- <=2 input functions                  ; 575                                                                                                                                          ;
;                                             ;                                                                                                                                              ;
; Logic elements by mode                      ;                                                                                                                                              ;
;     -- normal mode                          ; 926                                                                                                                                          ;
;     -- arithmetic mode                      ; 328                                                                                                                                          ;
;                                             ;                                                                                                                                              ;
; Total registers                             ; 70                                                                                                                                           ;
;     -- Dedicated logic registers            ; 70                                                                                                                                           ;
;     -- I/O registers                        ; 0                                                                                                                                            ;
;                                             ;                                                                                                                                              ;
; I/O pins                                    ; 50                                                                                                                                           ;
; Embedded Multiplier 9-bit elements          ; 0                                                                                                                                            ;
; Maximum fan-out node                        ; divideClock:dvd|lpm_divide:Mod0|lpm_divide_58m:auto_generated|sign_div_unsign_cnh:divider|alt_u_div_q5f:divider|add_sub_26_result_int[27]~40 ;
; Maximum fan-out                             ; 76                                                                                                                                           ;
; Total fan-out                               ; 3735                                                                                                                                         ;
; Average fan-out                             ; 2.72                                                                                                                                         ;
+---------------------------------------------+----------------------------------------------------------------------------------------------------------------------------------------------+


+-------------------------------------------------------------------------------------------------------------------------------------------------------------------------------------------------------------------------------------------------------------------------------------------------------+
; Analysis & Synthesis Resource Utilization by Entity                                                                                                                                                                                                                                                   ;
+-------------------------------------------+-------------------+--------------+-------------+--------------+---------+-----------+------+--------------+--------------------------------------------------------------------------------------------------------------------------------+--------------+
; Compilation Hierarchy Node                ; LC Combinationals ; LC Registers ; Memory Bits ; DSP Elements ; DSP 9x9 ; DSP 18x18 ; Pins ; Virtual Pins ; Full Hierarchy Name                                                                                                            ; Library Name ;
+-------------------------------------------+-------------------+--------------+-------------+--------------+---------+-----------+------+--------------+--------------------------------------------------------------------------------------------------------------------------------+--------------+
; |OnBoard                                  ; 1254 (63)         ; 70 (32)      ; 0           ; 0            ; 0       ; 0         ; 50   ; 0            ; |OnBoard                                                                                                                       ; work         ;
;    |TimerController:fsm|                  ; 18 (18)           ; 4 (4)        ; 0           ; 0            ; 0       ; 0         ; 0    ; 0            ; |OnBoard|TimerController:fsm                                                                                                   ; work         ;
;    |dec2_7seg:disp0|                      ; 8 (8)             ; 0 (0)        ; 0           ; 0            ; 0       ; 0         ; 0    ; 0            ; |OnBoard|dec2_7seg:disp0                                                                                                       ; work         ;
;    |dec2_7seg:disp1|                      ; 10 (10)           ; 0 (0)        ; 0           ; 0            ; 0       ; 0         ; 0    ; 0            ; |OnBoard|dec2_7seg:disp1                                                                                                       ; work         ;
;    |dec2_7seg:disp2|                      ; 8 (8)             ; 0 (0)        ; 0           ; 0            ; 0       ; 0         ; 0    ; 0            ; |OnBoard|dec2_7seg:disp2                                                                                                       ; work         ;
;    |dec2_7seg:disp3|                      ; 9 (9)             ; 0 (0)        ; 0           ; 0            ; 0       ; 0         ; 0    ; 0            ; |OnBoard|dec2_7seg:disp3                                                                                                       ; work         ;
;    |divideClock:dvd|                      ; 554 (60)          ; 33 (33)      ; 0           ; 0            ; 0       ; 0         ; 0    ; 0            ; |OnBoard|divideClock:dvd                                                                                                       ; work         ;
;       |lpm_divide:Mod0|                   ; 494 (0)           ; 0 (0)        ; 0           ; 0            ; 0       ; 0         ; 0    ; 0            ; |OnBoard|divideClock:dvd|lpm_divide:Mod0                                                                                       ; work         ;
;          |lpm_divide_58m:auto_generated|  ; 494 (0)           ; 0 (0)        ; 0           ; 0            ; 0       ; 0         ; 0    ; 0            ; |OnBoard|divideClock:dvd|lpm_divide:Mod0|lpm_divide_58m:auto_generated                                                         ; work         ;
;             |sign_div_unsign_cnh:divider| ; 494 (0)           ; 0 (0)        ; 0           ; 0            ; 0       ; 0         ; 0    ; 0            ; |OnBoard|divideClock:dvd|lpm_divide:Mod0|lpm_divide_58m:auto_generated|sign_div_unsign_cnh:divider                             ; work         ;
;                |alt_u_div_q5f:divider|    ; 494 (494)         ; 0 (0)        ; 0           ; 0            ; 0       ; 0         ; 0    ; 0            ; |OnBoard|divideClock:dvd|lpm_divide:Mod0|lpm_divide_58m:auto_generated|sign_div_unsign_cnh:divider|alt_u_div_q5f:divider       ; work         ;
;    |divideClock:ledrclock|                ; 571 (31)          ; 1 (1)        ; 0           ; 0            ; 0       ; 0         ; 0    ; 0            ; |OnBoard|divideClock:ledrclock                                                                                                 ; work         ;
;       |lpm_divide:Mod0|                   ; 540 (0)           ; 0 (0)        ; 0           ; 0            ; 0       ; 0         ; 0    ; 0            ; |OnBoard|divideClock:ledrclock|lpm_divide:Mod0                                                                                 ; work         ;
;          |lpm_divide_48m:auto_generated|  ; 540 (0)           ; 0 (0)        ; 0           ; 0            ; 0       ; 0         ; 0    ; 0            ; |OnBoard|divideClock:ledrclock|lpm_divide:Mod0|lpm_divide_48m:auto_generated                                                   ; work         ;
;             |sign_div_unsign_bnh:divider| ; 540 (0)           ; 0 (0)        ; 0           ; 0            ; 0       ; 0         ; 0    ; 0            ; |OnBoard|divideClock:ledrclock|lpm_divide:Mod0|lpm_divide_48m:auto_generated|sign_div_unsign_bnh:divider                       ; work         ;
;                |alt_u_div_o5f:divider|    ; 540 (540)         ; 0 (0)        ; 0           ; 0            ; 0       ; 0         ; 0    ; 0            ; |OnBoard|divideClock:ledrclock|lpm_divide:Mod0|lpm_divide_48m:auto_generated|sign_div_unsign_bnh:divider|alt_u_div_o5f:divider ; work         ;
;    |nBit2InputMux:mux0|                   ; 3 (3)             ; 0 (0)        ; 0           ; 0            ; 0       ; 0         ; 0    ; 0            ; |OnBoard|nBit2InputMux:mux0                                                                                                    ; work         ;
;    |nBit2InputMux:mux1|                   ; 3 (3)             ; 0 (0)        ; 0           ; 0            ; 0       ; 0         ; 0    ; 0            ; |OnBoard|nBit2InputMux:mux1                                                                                                    ; work         ;
;    |nBit2InputMux:mux2|                   ; 3 (3)             ; 0 (0)        ; 0           ; 0            ; 0       ; 0         ; 0    ; 0            ; |OnBoard|nBit2InputMux:mux2                                                                                                    ; work         ;
;    |nBit2InputMux:mux3|                   ; 4 (4)             ; 0 (0)        ; 0           ; 0            ; 0       ; 0         ; 0    ; 0            ; |OnBoard|nBit2InputMux:mux3                                                                                                    ; work         ;
+-------------------------------------------+-------------------+--------------+-------------+--------------+---------+-----------+------+--------------+--------------------------------------------------------------------------------------------------------------------------------+--------------+
Note: For table entries with two numbers listed, the numbers in parentheses indicate the number of resources of the given type used by the specific entity alone. The numbers listed outside of parentheses indicate the total resources of the given type used by the specific entity and all of its sub-entities in the hierarchy.


+---------------------------------------------------------------------------------+
; Registers Removed During Synthesis                                              ;
+----------------------------------------+----------------------------------------+
; Register name                          ; Reason for Removal                     ;
+----------------------------------------+----------------------------------------+
; LEDR[8]~reg0                           ; Merged with LEDR[0]~reg0               ;
; LEDR[9]~reg0                           ; Merged with LEDR[0]~reg0               ;
; LEDR[4]~reg0                           ; Merged with LEDR[0]~reg0               ;
; LEDR[7]~reg0                           ; Merged with LEDR[0]~reg0               ;
; LEDR[5]~reg0                           ; Merged with LEDR[0]~reg0               ;
; LEDR[3]~reg0                           ; Merged with LEDR[0]~reg0               ;
; LEDR[1]~reg0                           ; Merged with LEDR[0]~reg0               ;
; LEDR[2]~reg0                           ; Merged with LEDR[0]~reg0               ;
; LEDR[6]~reg0                           ; Merged with LEDR[0]~reg0               ;
; divideClock:ledrclock|ct[31]           ; Merged with divideClock:dvd|ct[31]     ;
; divideClock:ledrclock|ct[30]           ; Merged with divideClock:dvd|ct[30]     ;
; divideClock:ledrclock|ct[29]           ; Merged with divideClock:dvd|ct[29]     ;
; divideClock:ledrclock|ct[28]           ; Merged with divideClock:dvd|ct[28]     ;
; divideClock:ledrclock|ct[27]           ; Merged with divideClock:dvd|ct[27]     ;
; divideClock:ledrclock|ct[26]           ; Merged with divideClock:dvd|ct[26]     ;
; divideClock:ledrclock|ct[25]           ; Merged with divideClock:dvd|ct[25]     ;
; divideClock:ledrclock|ct[24]           ; Merged with divideClock:dvd|ct[24]     ;
; divideClock:ledrclock|ct[23]           ; Merged with divideClock:dvd|ct[23]     ;
; divideClock:ledrclock|ct[22]           ; Merged with divideClock:dvd|ct[22]     ;
; divideClock:ledrclock|ct[21]           ; Merged with divideClock:dvd|ct[21]     ;
; divideClock:ledrclock|ct[20]           ; Merged with divideClock:dvd|ct[20]     ;
; divideClock:ledrclock|ct[19]           ; Merged with divideClock:dvd|ct[19]     ;
; divideClock:ledrclock|ct[18]           ; Merged with divideClock:dvd|ct[18]     ;
; divideClock:ledrclock|ct[17]           ; Merged with divideClock:dvd|ct[17]     ;
; divideClock:ledrclock|ct[16]           ; Merged with divideClock:dvd|ct[16]     ;
; divideClock:ledrclock|ct[15]           ; Merged with divideClock:dvd|ct[15]     ;
; divideClock:ledrclock|ct[14]           ; Merged with divideClock:dvd|ct[14]     ;
; divideClock:ledrclock|ct[13]           ; Merged with divideClock:dvd|ct[13]     ;
; divideClock:ledrclock|ct[12]           ; Merged with divideClock:dvd|ct[12]     ;
; divideClock:ledrclock|ct[11]           ; Merged with divideClock:dvd|ct[11]     ;
; divideClock:ledrclock|ct[10]           ; Merged with divideClock:dvd|ct[10]     ;
; divideClock:ledrclock|ct[9]            ; Merged with divideClock:dvd|ct[9]      ;
; divideClock:ledrclock|ct[8]            ; Merged with divideClock:dvd|ct[8]      ;
; divideClock:ledrclock|ct[7]            ; Merged with divideClock:dvd|ct[7]      ;
; divideClock:ledrclock|ct[6]            ; Merged with divideClock:dvd|ct[6]      ;
; divideClock:ledrclock|ct[5]            ; Merged with divideClock:dvd|ct[5]      ;
; divideClock:ledrclock|ct[4]            ; Merged with divideClock:dvd|ct[4]      ;
; divideClock:ledrclock|ct[3]            ; Merged with divideClock:dvd|ct[3]      ;
; divideClock:ledrclock|ct[2]            ; Merged with divideClock:dvd|ct[2]      ;
; divideClock:ledrclock|ct[1]            ; Merged with divideClock:dvd|ct[1]      ;
; divideClock:ledrclock|ct[0]            ; Merged with divideClock:dvd|ct[0]      ;
; timeStore[7,15]                        ; Stuck at GND due to stuck port data_in ;
; Total Number of Removed Registers = 43 ;                                        ;
+----------------------------------------+----------------------------------------+


+------------------------------------------------------+
; General Register Statistics                          ;
+----------------------------------------------+-------+
; Statistic                                    ; Value ;
+----------------------------------------------+-------+
; Total registers                              ; 70    ;
; Number of registers using Synchronous Clear  ; 0     ;
; Number of registers using Synchronous Load   ; 0     ;
; Number of registers using Asynchronous Clear ; 0     ;
; Number of registers using Asynchronous Load  ; 0     ;
; Number of registers using Clock Enable       ; 30    ;
; Number of registers using Preset             ; 0     ;
+----------------------------------------------+-------+


+---------------------------------------------------------------------------------------------------------------------------------------------------+
; Multiplexer Restructuring Statistics (Restructuring Performed)                                                                                    ;
+--------------------+-----------+---------------+----------------------+------------------------+------------+-------------------------------------+
; Multiplexer Inputs ; Bus Width ; Baseline Area ; Area if Restructured ; Saving if Restructured ; Registered ; Example Multiplexer Output          ;
+--------------------+-----------+---------------+----------------------+------------------------+------------+-------------------------------------+
; 7:1                ; 8 bits    ; 32 LEs        ; 8 LEs                ; 24 LEs                 ; Yes        ; |OnBoard|timeStore[13]              ;
; 9:1                ; 8 bits    ; 48 LEs        ; 8 LEs                ; 40 LEs                 ; Yes        ; |OnBoard|timeStore[5]               ;
; 8:1                ; 4 bits    ; 20 LEs        ; 8 LEs                ; 12 LEs                 ; Yes        ; |OnBoard|r0[0]                      ;
; 9:1                ; 4 bits    ; 24 LEs        ; 8 LEs                ; 16 LEs                 ; Yes        ; |OnBoard|r1[1]                      ;
; 10:1               ; 4 bits    ; 24 LEs        ; 4 LEs                ; 20 LEs                 ; Yes        ; |OnBoard|r3[1]                      ;
; 10:1               ; 4 bits    ; 24 LEs        ; 8 LEs                ; 16 LEs                 ; Yes        ; |OnBoard|r2[2]                      ;
; 5:1                ; 3 bits    ; 9 LEs         ; 6 LEs                ; 3 LEs                  ; No         ; |OnBoard|dec2_7seg:disp3|display[0] ;
; 5:1                ; 3 bits    ; 9 LEs         ; 6 LEs                ; 3 LEs                  ; No         ; |OnBoard|dec2_7seg:disp2|display[0] ;
; 5:1                ; 3 bits    ; 9 LEs         ; 6 LEs                ; 3 LEs                  ; No         ; |OnBoard|dec2_7seg:disp1|display[6] ;
; 5:1                ; 3 bits    ; 9 LEs         ; 6 LEs                ; 3 LEs                  ; No         ; |OnBoard|dec2_7seg:disp0|display[6] ;
+--------------------+-----------+---------------+----------------------+------------------------+------------+-------------------------------------+


+-------------------------------------------------------------------------+
; Parameter Settings for User Entity Instance: Top-level Entity: |OnBoard ;
+----------------+-------+------------------------------------------------+
; Parameter Name ; Value ; Type                                           ;
+----------------+-------+------------------------------------------------+
; RESET          ; 0100  ; Unsigned Binary                                ;
; SET_SEC        ; 0000  ; Unsigned Binary                                ;
; SET_MIN        ; 0001  ; Unsigned Binary                                ;
; READY          ; 0011  ; Unsigned Binary                                ;
; TIMER          ; 0010  ; Unsigned Binary                                ;
; FLASH          ; 0101  ; Unsigned Binary                                ;
; SEC_MIN        ; 0111  ; Unsigned Binary                                ;
; READY_TIMER    ; 1001  ; Unsigned Binary                                ;
; TIMER_READY    ; 1011  ; Unsigned Binary                                ;
; MIN_READY      ; 1010  ; Unsigned Binary                                ;
+----------------+-------+------------------------------------------------+
Note: In order to hide this table in the UI and the text report file, please set the "Show Parameter Settings in Synthesis Report" option in "Analysis and Synthesis Settings -> More Settings" to "Off".


+------------------------------------------------------------------+
; Parameter Settings for User Entity Instance: TimerController:fsm ;
+----------------+-------+-----------------------------------------+
; Parameter Name ; Value ; Type                                    ;
+----------------+-------+-----------------------------------------+
; RESET          ; 0100  ; Unsigned Binary                         ;
; SET_SEC        ; 0000  ; Unsigned Binary                         ;
; SET_MIN        ; 0001  ; Unsigned Binary                         ;
; READY          ; 0011  ; Unsigned Binary                         ;
; TIMER          ; 0010  ; Unsigned Binary                         ;
; FLASH          ; 0101  ; Unsigned Binary                         ;
; SEC_MIN        ; 0111  ; Unsigned Binary                         ;
; READY_TIMER    ; 1001  ; Unsigned Binary                         ;
; TIMER_READY    ; 1011  ; Unsigned Binary                         ;
; MIN_READY      ; 1010  ; Unsigned Binary                         ;
+----------------+-------+-----------------------------------------+
Note: In order to hide this table in the UI and the text report file, please set the "Show Parameter Settings in Synthesis Report" option in "Analysis and Synthesis Settings -> More Settings" to "Off".


+--------------------------------------------------------------+
; Parameter Settings for User Entity Instance: divideClock:dvd ;
+----------------+-------+-------------------------------------+
; Parameter Name ; Value ; Type                                ;
+----------------+-------+-------------------------------------+
; freq           ; 1     ; Signed Integer                      ;
+----------------+-------+-------------------------------------+
Note: In order to hide this table in the UI and the text report file, please set the "Show Parameter Settings in Synthesis Report" option in "Analysis and Synthesis Settings -> More Settings" to "Off".


+-----------------------------------------------------------------+
; Parameter Settings for User Entity Instance: nBit2InputMux:mux3 ;
+----------------+-------+----------------------------------------+
; Parameter Name ; Value ; Type                                   ;
+----------------+-------+----------------------------------------+
; n              ; 4     ; Signed Integer                         ;
+----------------+-------+----------------------------------------+
Note: In order to hide this table in the UI and the text report file, please set the "Show Parameter Settings in Synthesis Report" option in "Analysis and Synthesis Settings -> More Settings" to "Off".


+-----------------------------------------------------------------+
; Parameter Settings for User Entity Instance: nBit2InputMux:mux2 ;
+----------------+-------+----------------------------------------+
; Parameter Name ; Value ; Type                                   ;
+----------------+-------+----------------------------------------+
; n              ; 4     ; Signed Integer                         ;
+----------------+-------+----------------------------------------+
Note: In order to hide this table in the UI and the text report file, please set the "Show Parameter Settings in Synthesis Report" option in "Analysis and Synthesis Settings -> More Settings" to "Off".


+-----------------------------------------------------------------+
; Parameter Settings for User Entity Instance: nBit2InputMux:mux1 ;
+----------------+-------+----------------------------------------+
; Parameter Name ; Value ; Type                                   ;
+----------------+-------+----------------------------------------+
; n              ; 4     ; Signed Integer                         ;
+----------------+-------+----------------------------------------+
Note: In order to hide this table in the UI and the text report file, please set the "Show Parameter Settings in Synthesis Report" option in "Analysis and Synthesis Settings -> More Settings" to "Off".


+-----------------------------------------------------------------+
; Parameter Settings for User Entity Instance: nBit2InputMux:mux0 ;
+----------------+-------+----------------------------------------+
; Parameter Name ; Value ; Type                                   ;
+----------------+-------+----------------------------------------+
; n              ; 4     ; Signed Integer                         ;
+----------------+-------+----------------------------------------+
Note: In order to hide this table in the UI and the text report file, please set the "Show Parameter Settings in Synthesis Report" option in "Analysis and Synthesis Settings -> More Settings" to "Off".


+--------------------------------------------------------------------+
; Parameter Settings for User Entity Instance: divideClock:ledrclock ;
+----------------+-------+-------------------------------------------+
; Parameter Name ; Value ; Type                                      ;
+----------------+-------+-------------------------------------------+
; freq           ; 2     ; Signed Integer                            ;
+----------------+-------+-------------------------------------------+
Note: In order to hide this table in the UI and the text report file, please set the "Show Parameter Settings in Synthesis Report" option in "Analysis and Synthesis Settings -> More Settings" to "Off".


+----------------------------------------------------------------------------------------+
; Parameter Settings for Inferred Entity Instance: divideClock:ledrclock|lpm_divide:Mod0 ;
+------------------------+----------------+----------------------------------------------+
; Parameter Name         ; Value          ; Type                                         ;
+------------------------+----------------+----------------------------------------------+
; LPM_WIDTHN             ; 32             ; Untyped                                      ;
; LPM_WIDTHD             ; 25             ; Untyped                                      ;
; LPM_NREPRESENTATION    ; UNSIGNED       ; Untyped                                      ;
; LPM_DREPRESENTATION    ; UNSIGNED       ; Untyped                                      ;
; LPM_PIPELINE           ; 0              ; Untyped                                      ;
; LPM_REMAINDERPOSITIVE  ; TRUE           ; Untyped                                      ;
; MAXIMIZE_SPEED         ; 5              ; Untyped                                      ;
; CBXI_PARAMETER         ; lpm_divide_48m ; Untyped                                      ;
; CARRY_CHAIN            ; MANUAL         ; Untyped                                      ;
; OPTIMIZE_FOR_SPEED     ; 5              ; Untyped                                      ;
; AUTO_CARRY_CHAINS      ; ON             ; AUTO_CARRY                                   ;
; IGNORE_CARRY_BUFFERS   ; OFF            ; IGNORE_CARRY                                 ;
; AUTO_CASCADE_CHAINS    ; ON             ; AUTO_CASCADE                                 ;
; IGNORE_CASCADE_BUFFERS ; OFF            ; IGNORE_CASCADE                               ;
+------------------------+----------------+----------------------------------------------+
Note: In order to hide this table in the UI and the text report file, please set the "Show Parameter Settings in Synthesis Report" option in "Analysis and Synthesis Settings -> More Settings" to "Off".


+----------------------------------------------------------------------------------+
; Parameter Settings for Inferred Entity Instance: divideClock:dvd|lpm_divide:Mod0 ;
+------------------------+----------------+----------------------------------------+
; Parameter Name         ; Value          ; Type                                   ;
+------------------------+----------------+----------------------------------------+
; LPM_WIDTHN             ; 32             ; Untyped                                ;
; LPM_WIDTHD             ; 26             ; Untyped                                ;
; LPM_NREPRESENTATION    ; UNSIGNED       ; Untyped                                ;
; LPM_DREPRESENTATION    ; UNSIGNED       ; Untyped                                ;
; LPM_PIPELINE           ; 0              ; Untyped                                ;
; LPM_REMAINDERPOSITIVE  ; TRUE           ; Untyped                                ;
; MAXIMIZE_SPEED         ; 5              ; Untyped                                ;
; CBXI_PARAMETER         ; lpm_divide_58m ; Untyped                                ;
; CARRY_CHAIN            ; MANUAL         ; Untyped                                ;
; OPTIMIZE_FOR_SPEED     ; 5              ; Untyped                                ;
; AUTO_CARRY_CHAINS      ; ON             ; AUTO_CARRY                             ;
; IGNORE_CARRY_BUFFERS   ; OFF            ; IGNORE_CARRY                           ;
; AUTO_CASCADE_CHAINS    ; ON             ; AUTO_CASCADE                           ;
; IGNORE_CASCADE_BUFFERS ; OFF            ; IGNORE_CASCADE                         ;
+------------------------+----------------+----------------------------------------+
Note: In order to hide this table in the UI and the text report file, please set the "Show Parameter Settings in Synthesis Report" option in "Analysis and Synthesis Settings -> More Settings" to "Off".


+-------------------------------+
; Elapsed Time Per Partition    ;
+----------------+--------------+
; Partition Name ; Elapsed Time ;
+----------------+--------------+
; Top            ; 00:00:04     ;
+----------------+--------------+


+-------------------------------+
; Analysis & Synthesis Messages ;
+-------------------------------+
Info: *******************************************************************
Info: Running Quartus II 64-Bit Analysis & Synthesis
    Info: Version 13.0.1 Build 232 06/12/2013 Service Pack 1 SJ Web Edition
    Info: Processing started: Fri Oct 02 02:54:04 2015
Info: Command: quartus_map --read_settings_files=on --write_settings_files=off EggTimer -c EggTimer
Warning (20028): Parallel compilation is not licensed and has been disabled
Info (12021): Found 1 design units, including 1 entities, in source file verilog_files/timercontrollertester.v
    Info (12023): Found entity 1: TimerControllerTester
Info (12021): Found 1 design units, including 1 entities, in source file verilog_files/timercontroller.v
    Info (12023): Found entity 1: TimerController
Info (12021): Found 1 design units, including 1 entities, in source file verilog_files/sevenseg2_dec.v
    Info (12023): Found entity 1: sevenseg2_dec
Info (12021): Found 1 design units, including 1 entities, in source file verilog_files/onboardtester.v
    Info (12023): Found entity 1: OnBoardTester
Info (12021): Found 1 design units, including 1 entities, in source file verilog_files/onboard.v
    Info (12023): Found entity 1: OnBoard
Info (12021): Found 1 design units, including 1 entities, in source file verilog_files/nbitregistertester.v
    Info (12023): Found entity 1: nBitRegisterTester
Info (12021): Found 1 design units, including 1 entities, in source file verilog_files/nbitregister.v
    Info (12023): Found entity 1: nBitRegister
Info (12021): Found 1 design units, including 1 entities, in source file verilog_files/nbit2inputmuxtester.v
    Info (12023): Found entity 1: nBit2InputMuxTester
Info (12021): Found 1 design units, including 1 entities, in source file verilog_files/nbit2inputmux.v
    Info (12023): Found entity 1: nBit2InputMux
Info (12021): Found 1 design units, including 1 entities, in source file verilog_files/divideclock.v
    Info (12023): Found entity 1: divideClock
Info (12021): Found 1 design units, including 1 entities, in source file verilog_files/dec2_7segtester.v
    Info (12023): Found entity 1: dec2_7segTester
Info (12021): Found 1 design units, including 1 entities, in source file verilog_files/dec2_7seg.v
    Info (12023): Found entity 1: dec2_7seg
Info (12021): Found 1 design units, including 1 entities, in source file verilog_files/controllertester.v
    Info (12023): Found entity 1: ControllerTester
Info (12021): Found 1 design units, including 1 entities, in source file verilog_files/controller.v
    Info (12023): Found entity 1: Controller
Info (12021): Found 1 design units, including 1 entities, in source file verilog_files/clockdivivertester.v
    Info (12023): Found entity 1: ClockDividerTester
Info (12021): Found 1 design units, including 1 entities, in source file verilog_files/clockdiviver.v
    Info (12023): Found entity 1: ClockDiviver
Info (12127): Elaborating entity "OnBoard" for the top level hierarchy
Warning (10230): Verilog HDL assignment warning at OnBoard.v(43): truncated value with size 32 to match size of target (1)
Warning (10230): Verilog HDL assignment warning at OnBoard.v(63): truncated value with size 32 to match size of target (4)
Warning (10230): Verilog HDL assignment warning at OnBoard.v(66): truncated value with size 32 to match size of target (4)
Warning (10230): Verilog HDL assignment warning at OnBoard.v(69): truncated value with size 32 to match size of target (4)
Warning (10230): Verilog HDL assignment warning at OnBoard.v(72): truncated value with size 32 to match size of target (4)
Info (12128): Elaborating entity "TimerController" for hierarchy "TimerController:fsm"
Info (12128): Elaborating entity "divideClock" for hierarchy "divideClock:dvd"
Info (12128): Elaborating entity "dec2_7seg" for hierarchy "dec2_7seg:disp3"
Info (12128): Elaborating entity "nBit2InputMux" for hierarchy "nBit2InputMux:mux3"
Warning (10235): Verilog HDL Always Construct warning at nBit2InputMux.v(17): variable "in1" is read inside the Always Construct but isn't in the Always Construct's Event Control
Warning (10235): Verilog HDL Always Construct warning at nBit2InputMux.v(20): variable "in0" is read inside the Always Construct but isn't in the Always Construct's Event Control
Info (12128): Elaborating entity "divideClock" for hierarchy "divideClock:ledrclock"
Info (278001): Inferred 2 megafunctions from design logic
    Info (278004): Inferred divider/modulo megafunction ("lpm_divide") from the following logic: "divideClock:ledrclock|Mod0"
    Info (278004): Inferred divider/modulo megafunction ("lpm_divide") from the following logic: "divideClock:dvd|Mod0"
Info (12130): Elaborated megafunction instantiation "divideClock:ledrclock|lpm_divide:Mod0"
Info (12133): Instantiated megafunction "divideClock:ledrclock|lpm_divide:Mod0" with the following parameter:
    Info (12134): Parameter "LPM_WIDTHN" = "32"
    Info (12134): Parameter "LPM_WIDTHD" = "25"
    Info (12134): Parameter "LPM_NREPRESENTATION" = "UNSIGNED"
    Info (12134): Parameter "LPM_DREPRESENTATION" = "UNSIGNED"
Info (12021): Found 1 design units, including 1 entities, in source file db/lpm_divide_48m.tdf
    Info (12023): Found entity 1: lpm_divide_48m
Info (12021): Found 1 design units, including 1 entities, in source file db/sign_div_unsign_bnh.tdf
    Info (12023): Found entity 1: sign_div_unsign_bnh
Info (12021): Found 1 design units, including 1 entities, in source file db/alt_u_div_o5f.tdf
    Info (12023): Found entity 1: alt_u_div_o5f
Info (12021): Found 1 design units, including 1 entities, in source file db/add_sub_lkc.tdf
    Info (12023): Found entity 1: add_sub_lkc
Info (12021): Found 1 design units, including 1 entities, in source file db/add_sub_mkc.tdf
    Info (12023): Found entity 1: add_sub_mkc
Info (12130): Elaborated megafunction instantiation "divideClock:dvd|lpm_divide:Mod0"
Info (12133): Instantiated megafunction "divideClock:dvd|lpm_divide:Mod0" with the following parameter:
    Info (12134): Parameter "LPM_WIDTHN" = "32"
    Info (12134): Parameter "LPM_WIDTHD" = "26"
    Info (12134): Parameter "LPM_NREPRESENTATION" = "UNSIGNED"
    Info (12134): Parameter "LPM_DREPRESENTATION" = "UNSIGNED"
Info (12021): Found 1 design units, including 1 entities, in source file db/lpm_divide_58m.tdf
    Info (12023): Found entity 1: lpm_divide_58m
Info (12021): Found 1 design units, including 1 entities, in source file db/sign_div_unsign_cnh.tdf
    Info (12023): Found entity 1: sign_div_unsign_cnh
Info (12021): Found 1 design units, including 1 entities, in source file db/alt_u_div_q5f.tdf
    Info (12023): Found entity 1: alt_u_div_q5f
Info (144001): Generated suppressed messages file E:/Dropbox/Documents/University/CS 3220/Assignment/Real Project 1 - Egg Timer/output_files/EggTimer.map.smsg
Info (16010): Generating hard_block partition "hard_block:auto_generated_inst"
    Info (16011): Adding 0 node(s), including 0 DDIO, 0 PLL, 0 transceiver and 0 LCELL
Info (21057): Implemented 1304 device resources after synthesis - the final resource count might be different
    Info (21058): Implemented 12 input pins
    Info (21059): Implemented 38 output pins
    Info (21061): Implemented 1254 logic cells
Info: Quartus II 64-Bit Analysis & Synthesis was successful. 0 errors, 8 warnings
    Info: Peak virtual memory: 524 megabytes
    Info: Processing ended: Fri Oct 02 02:54:10 2015
    Info: Elapsed time: 00:00:06
    Info: Total CPU time (on all processors): 00:00:06


+------------------------------------------+
; Analysis & Synthesis Suppressed Messages ;
+------------------------------------------+
The suppressed messages can be found in E:/Dropbox/Documents/University/CS 3220/Assignment/Real Project 1 - Egg Timer/output_files/EggTimer.map.smsg.


